<?xml version="1.0" encoding="UTF-8"?>
<robot generator="Robot 7.0.1 (Python 3.11.1 on win32)" generated="2024-08-25T14:12:03.556048" rpa="false" schemaversion="5">
<suite id="s1" name="Job Publish" source="C:\Users\shah.newaj\PycharmProjects\Web-Automation-Projects-using-Robot-Framework\Handicap\TestCases\Job_Publish.robot">
<test id="s1-t1" name="HOD Approval" line="74">
<kw name="Click Nav Hod" owner="Recruitment_Request_Keywords">
<kw name="Click Element" owner="SeleniumLibrary">
<msg time="2024-08-25T14:12:03.940007" level="INFO">Clicking element 'link:HOD'.</msg>
<msg time="2024-08-25T14:12:03.940007" level="INFO">Cannot capture screenshot because no browser is open.</msg>
<msg time="2024-08-25T14:12:03.940007" level="FAIL">No browser is open.</msg>
<arg>${nav_hod}</arg>
<doc>Click the element identified by ``locator``.</doc>
<status status="FAIL" start="2024-08-25T14:12:03.940007" elapsed="0.000000">No browser is open.</status>
</kw>
<status status="FAIL" start="2024-08-25T14:12:03.940007" elapsed="0.000000">No browser is open.</status>
</kw>
<kw name="Click Edit" owner="Recruitment_Request_Keywords">
<status status="NOT RUN" start="2024-08-25T14:12:03.940007" elapsed="0.000000"/>
</kw>
<kw name="C HR Manager" owner="Recruitment_Request_Keywords">
<status status="NOT RUN" start="2024-08-25T14:12:03.940007" elapsed="0.000000"/>
</kw>
<kw name="C F Manager" owner="Recruitment_Request_Keywords">
<status status="NOT RUN" start="2024-08-25T14:12:03.940007" elapsed="0.000000"/>
</kw>
<kw name="Scroll Element Into View" owner="SeleniumLibrary">
<arg>${confirm_submit}</arg>
<doc>Scrolls the element identified by ``locator`` into view.</doc>
<status status="NOT RUN" start="2024-08-25T14:12:03.940007" elapsed="0.000000"/>
</kw>
<kw name="HOD I Agree" owner="Recruitment_Request_Keywords">
<status status="NOT RUN" start="2024-08-25T14:12:03.940007" elapsed="0.000000"/>
</kw>
<kw name="Sleep" owner="BuiltIn">
<arg>3 Seconds</arg>
<doc>Pauses the test executed for the given time.</doc>
<status status="NOT RUN" start="2024-08-25T14:12:03.940007" elapsed="0.000000"/>
</kw>
<kw name="Confirm Submit" owner="Recruitment_Request_Keywords">
<status status="NOT RUN" start="2024-08-25T14:12:03.940007" elapsed="0.000000"/>
</kw>
<kw name="Sleep" owner="BuiltIn">
<arg>3 Seconds</arg>
<doc>Pauses the test executed for the given time.</doc>
<status status="NOT RUN" start="2024-08-25T14:12:03.940007" elapsed="0.000000"/>
</kw>
<kw name="Submission Check" owner="Recruitment_Request_Keywords">
<arg>Recruitment Request List</arg>
<status status="NOT RUN" start="2024-08-25T14:12:03.940007" elapsed="0.000000"/>
</kw>
<kw name="Sleep" owner="BuiltIn">
<arg>3 Seconds</arg>
<doc>Pauses the test executed for the given time.</doc>
<status status="NOT RUN" start="2024-08-25T14:12:03.940007" elapsed="0.000000"/>
</kw>
<status status="FAIL" start="2024-08-25T14:12:03.938781" elapsed="0.001226">No browser is open.</status>
</test>
<status status="FAIL" start="2024-08-25T14:12:03.556048" elapsed="0.400525"/>
</suite>
<statistics>
<total>
<stat pass="0" fail="1" skip="0">All Tests</stat>
</total>
<tag>
</tag>
<suite>
<stat pass="0" fail="1" skip="0" id="s1" name="Job Publish">Job Publish</stat>
</suite>
</statistics>
<errors>
<msg time="2024-08-25T14:12:03.906535" level="ERROR">Error in file 'C:\Users\shah.newaj\PycharmProjects\Web-Automation-Projects-using-Robot-Framework\Handicap\Resources\Login_Keywords.robot' on line 4: Variable file '..\PageObjects\Test_Locator.py' does not exist.</msg>
</errors>
</robot>
