<?xml version="1.0" encoding="UTF-8"?>
<robot generator="Robot 6.0.2 (Python 3.11.1 on win32)" generated="20240328 14:47:39.934" rpa="false" schemaversion="3">
<suite id="s1" name="AddEmpGeneralinfo" source="C:\Users\shah.newaj\PycharmProjects\Web-Automation-Projects-using-Robot-Framework\Myanmar HRIS\TestCases\AddEmpGeneralinfo.robot">
<test id="s1-t1" name="Add Employee General Info" line="13">
<kw name="Open my browser" library="Emp_general_infoKeywords">
<arg>${SiteUrl}</arg>
<arg>${Browser}</arg>
<kw name="Open Browser" library="SeleniumLibrary">
<arg>${SiteUrl}</arg>
<arg>${Browser}</arg>
<doc>Opens a new browser instance to the optional ``url``.</doc>
<msg timestamp="20240328 14:47:40.187" level="INFO">Opening browser 'Chrome' to base url 'https://myanhris.scibd.info/View/EmpInfo/EmpInfo'.</msg>
<status status="PASS" starttime="20240328 14:47:40.186" endtime="20240328 14:47:44.400"/>
</kw>
<kw name="Maximize Browser Window" library="SeleniumLibrary">
<doc>Maximizes current browser window.</doc>
<status status="PASS" starttime="20240328 14:47:44.400" endtime="20240328 14:47:44.536"/>
</kw>
<status status="PASS" starttime="20240328 14:47:40.186" endtime="20240328 14:47:44.537"/>
</kw>
<kw name="Enter Username" library="Emp_general_infoKeywords">
<arg>${username}</arg>
<kw name="Input Text" library="SeleniumLibrary">
<arg>${txt_loginUserName}</arg>
<arg>${username}</arg>
<doc>Types the given ``text`` into the text field identified by ``locator``.</doc>
<msg timestamp="20240328 14:47:44.539" level="INFO">Typing text '123456789' into text field 'name:Email'.</msg>
<status status="PASS" starttime="20240328 14:47:44.538" endtime="20240328 14:47:44.714"/>
</kw>
<status status="PASS" starttime="20240328 14:47:44.538" endtime="20240328 14:47:44.714"/>
</kw>
<kw name="Enter Password" library="Emp_general_infoKeywords">
<arg>${password}</arg>
<kw name="Input Password" library="SeleniumLibrary">
<arg>${txt_loginPassword}</arg>
<arg>${password}</arg>
<doc>Types the given password into the text field identified by ``locator``.</doc>
<msg timestamp="20240328 14:47:44.715" level="INFO">Typing password into text field 'name:Password'.</msg>
<msg timestamp="20240328 14:47:44.762" level="INFO">Temporally setting log level to: NONE</msg>
<msg timestamp="20240328 14:47:44.827" level="INFO">Log level changed from NONE to INFO.</msg>
<status status="PASS" starttime="20240328 14:47:44.715" endtime="20240328 14:47:44.827"/>
</kw>
<status status="PASS" starttime="20240328 14:47:44.714" endtime="20240328 14:47:44.827"/>
</kw>
<kw name="Click Button" library="SeleniumLibrary">
<arg>${btn_signIn}</arg>
<doc>Clicks the button identified by ``locator``.</doc>
<msg timestamp="20240328 14:47:44.828" level="INFO">Clicking button 'xpath://button[@type='submit']'.</msg>
<status status="PASS" starttime="20240328 14:47:44.828" endtime="20240328 14:47:51.139"/>
</kw>
<kw name="Sleep" library="BuiltIn">
<arg>5 Seconds</arg>
<doc>Pauses the test executed for the given time.</doc>
<msg timestamp="20240328 14:47:56.141" level="INFO">Slept 5 seconds</msg>
<status status="PASS" starttime="20240328 14:47:51.139" endtime="20240328 14:47:56.141"/>
</kw>
<kw name="Click Element" library="SeleniumLibrary">
<arg>${family}</arg>
<doc>Click the element identified by ``locator``.</doc>
<msg timestamp="20240328 14:47:56.144" level="INFO">Clicking element 'class:kt-subheader__breadcrumbs-home '.</msg>
<status status="PASS" starttime="20240328 14:47:56.142" endtime="20240328 14:47:56.244"/>
</kw>
<kw name="Sleep" library="BuiltIn">
<arg>5 Seconds</arg>
<doc>Pauses the test executed for the given time.</doc>
<msg timestamp="20240328 14:48:01.247" level="INFO">Slept 5 seconds</msg>
<status status="PASS" starttime="20240328 14:47:56.246" endtime="20240328 14:48:01.247"/>
</kw>
<status status="PASS" starttime="20240328 14:47:40.185" endtime="20240328 14:48:01.247"/>
</test>
<status status="PASS" starttime="20240328 14:47:39.936" endtime="20240328 14:48:01.251"/>
</suite>
<statistics>
<total>
<stat pass="1" fail="0" skip="0">All Tests</stat>
</total>
<tag>
</tag>
<suite>
<stat pass="1" fail="0" skip="0" id="s1" name="AddEmpGeneralinfo">AddEmpGeneralinfo</stat>
</suite>
</statistics>
<errors>
</errors>
</robot>
