<?xml version="1.0" encoding="UTF-8"?>
<robot generator="Robot 6.0.2 (Python 3.11.1 on win32)" generated="20240311 12:03:40.191" rpa="false" schemaversion="3">
<suite id="s1" name="LoginTest" source="C:\Users\shah.newaj\PycharmProjects\Web-Automation-Projects-using-Robot-Framework\Myanmar HRIS\TestCases\LoginTest.robot">
<test id="s1-t1" name="Login Test" line="13">
<kw name="Open my browser" library="LoginKeywords">
<arg>${SiteUrl}</arg>
<arg>${Browser}</arg>
<kw name="Open Browser" library="SeleniumLibrary">
<arg>${SiteUrl}</arg>
<arg>${Browser}</arg>
<doc>Opens a new browser instance to the optional ``url``.</doc>
<msg timestamp="20240311 12:03:40.458" level="INFO">Opening browser 'Chrome' to base url 'https://myanhris.scibd.info/Account/Login'.</msg>
<status status="PASS" starttime="20240311 12:03:40.458" endtime="20240311 12:03:43.351"/>
</kw>
<kw name="Maximize Browser Window" library="SeleniumLibrary">
<doc>Maximizes current browser window.</doc>
<status status="PASS" starttime="20240311 12:03:43.351" endtime="20240311 12:03:43.486"/>
</kw>
<status status="PASS" starttime="20240311 12:03:40.458" endtime="20240311 12:03:43.486"/>
</kw>
<kw name="Enter Username" library="LoginKeywords">
<arg>${username}</arg>
<kw name="Input Text" library="SeleniumLibrary">
<arg>${txt_loginUserName}</arg>
<arg>${username}</arg>
<doc>Types the given ``text`` into the text field identified by ``locator``.</doc>
<msg timestamp="20240311 12:03:43.486" level="INFO">Typing text '123456789' into text field 'name:Email'.</msg>
<status status="PASS" starttime="20240311 12:03:43.486" endtime="20240311 12:03:43.645"/>
</kw>
<status status="PASS" starttime="20240311 12:03:43.486" endtime="20240311 12:03:43.645"/>
</kw>
<kw name="Enter Password" library="LoginKeywords">
<arg>${password}</arg>
<kw name="Input Password" library="SeleniumLibrary">
<arg>${txt_loginPassword}</arg>
<arg>${password}</arg>
<doc>Types the given password into the text field identified by ``locator``.</doc>
<msg timestamp="20240311 12:03:43.645" level="INFO">Typing password into text field 'name:Password'.</msg>
<msg timestamp="20240311 12:03:43.683" level="INFO">Temporally setting log level to: NONE</msg>
<msg timestamp="20240311 12:03:43.752" level="INFO">Log level changed from NONE to INFO.</msg>
<status status="PASS" starttime="20240311 12:03:43.645" endtime="20240311 12:03:43.752"/>
</kw>
<status status="PASS" starttime="20240311 12:03:43.645" endtime="20240311 12:03:43.752"/>
</kw>
<kw name="Click Sign in" library="LoginKeywords">
<kw name="Click Button" library="SeleniumLibrary">
<arg>${btn_signIn}</arg>
<doc>Clicks the button identified by ``locator``.</doc>
<msg timestamp="20240311 12:03:43.752" level="INFO">Clicking button 'xpath://button[@type='submit']'.</msg>
<status status="PASS" starttime="20240311 12:03:43.752" endtime="20240311 12:03:46.930"/>
</kw>
<status status="PASS" starttime="20240311 12:03:43.752" endtime="20240311 12:03:46.930"/>
</kw>
<kw name="Sleep" library="BuiltIn">
<arg>3seconds</arg>
<doc>Pauses the test executed for the given time.</doc>
<msg timestamp="20240311 12:03:49.931" level="INFO">Slept 3 seconds</msg>
<status status="PASS" starttime="20240311 12:03:46.930" endtime="20240311 12:03:49.931"/>
</kw>
<kw name="Verify Successful Login" library="LoginKeywords">
<kw name="Title Should Be" library="SeleniumLibrary">
<arg>DASHBOARD</arg>
<doc>Verifies that the current page title equals ``title``.</doc>
<msg timestamp="20240311 12:03:49.936" level="INFO">Page title is 'DASHBOARD'.</msg>
<status status="PASS" starttime="20240311 12:03:49.931" endtime="20240311 12:03:49.936"/>
</kw>
<status status="PASS" starttime="20240311 12:03:49.931" endtime="20240311 12:03:49.936"/>
</kw>
<kw name="Close my browser" library="LoginKeywords">
<kw name="Close Browser" library="SeleniumLibrary">
<doc>Closes the current browser.</doc>
<status status="PASS" starttime="20240311 12:03:49.936" endtime="20240311 12:03:52.247"/>
</kw>
<status status="PASS" starttime="20240311 12:03:49.936" endtime="20240311 12:03:52.247"/>
</kw>
<status status="PASS" starttime="20240311 12:03:40.458" endtime="20240311 12:03:52.247"/>
</test>
<status status="PASS" starttime="20240311 12:03:40.204" endtime="20240311 12:03:52.247"/>
</suite>
<statistics>
<total>
<stat pass="1" fail="0" skip="0">All Tests</stat>
</total>
<tag>
</tag>
<suite>
<stat pass="1" fail="0" skip="0" id="s1" name="LoginTest">LoginTest</stat>
</suite>
</statistics>
<errors>
</errors>
</robot>
